19/09/2017 INFO  [main] (spark.staticfiles.StaticFilesConfiguration:170) - StaticResourceHandler configured with folder = /public
19/09/2017 INFO  [Thread-0] (org.eclipse.jetty.util.log.Log:186) - Logging initialized @454ms
19/09/2017 INFO  [Thread-0] (spark.embeddedserver.jetty.EmbeddedJettyServer:125) - == Spark has ignited ...
19/09/2017 INFO  [Thread-0] (spark.embeddedserver.jetty.EmbeddedJettyServer:126) - >> Listening on 0.0.0.0:4567
19/09/2017 INFO  [Thread-0] (org.eclipse.jetty.server.Server:345) - jetty-9.3.6.v20151106
19/09/2017 INFO  [Thread-0] (org.eclipse.jetty.server.AbstractConnector:270) - Started ServerConnector@47e5d029{HTTP/1.1,[http/1.1]}{0.0.0.0:4567}
19/09/2017 INFO  [Thread-0] (org.eclipse.jetty.server.Server:397) - Started @579ms
19/09/2017 INFO  [main] (spark.staticfiles.StaticFilesConfiguration:170) - StaticResourceHandler configured with folder = /public
19/09/2017 INFO  [main] (spark.staticfiles.StaticFilesConfiguration:170) - StaticResourceHandler configured with folder = /public
19/09/2017 INFO  [Thread-0] (org.eclipse.jetty.util.log.Log:186) - Logging initialized @445ms
19/09/2017 INFO  [Thread-0] (spark.embeddedserver.jetty.EmbeddedJettyServer:125) - == Spark has ignited ...
19/09/2017 INFO  [Thread-0] (spark.embeddedserver.jetty.EmbeddedJettyServer:126) - >> Listening on 0.0.0.0:4567
19/09/2017 INFO  [Thread-0] (org.eclipse.jetty.server.Server:345) - jetty-9.3.6.v20151106
19/09/2017 INFO  [Thread-0] (org.eclipse.jetty.server.AbstractConnector:270) - Started ServerConnector@40265946{HTTP/1.1,[http/1.1]}{0.0.0.0:4567}
19/09/2017 INFO  [Thread-0] (org.eclipse.jetty.server.Server:397) - Started @567ms
19/09/2017 INFO  [qtp47869473-19] (spark.http.matching.MatcherFilter:152) - The requested route [/fromsa] has not been mapped in Spark
19/09/2017 INFO  [qtp47869473-20] (spark.http.matching.MatcherFilter:152) - The requested route [/fromsa] has not been mapped in Spark
19/09/2017 INFO  [qtp47869473-20] (spark.http.matching.MatcherFilter:152) - The requested route [/fromsa] has not been mapped in Spark
19/09/2017 INFO  [qtp47869473-17] (spark.http.matching.MatcherFilter:152) - The requested route [/public] has not been mapped in Spark
19/09/2017 INFO  [qtp47869473-18] (spark.http.matching.MatcherFilter:152) - The requested route [/public/images] has not been mapped in Spark
19/09/2017 INFO  [qtp47869473-19] (spark.http.matching.MatcherFilter:152) - The requested route [/public/imagesdfasdfasfadfa] has not been mapped in Spark
19/09/2017 INFO  [qtp47869473-20] (spark.http.matching.MatcherFilter:152) - The requested route [/public/hellomund] has not been mapped in Spark
19/09/2017 INFO  [main] (spark.staticfiles.StaticFilesConfiguration:170) - StaticResourceHandler configured with folder = /public
19/09/2017 ERROR [main] (spark.staticfiles.StaticFilesConfiguration:172) - Error when creating StaticResourceHandler
java.io.FileNotFoundException: class path resource [../resources/public] cannot be resolved to URL because it does not exist
	at spark.resource.ClassPathResource.getURL(ClassPathResource.java:166)
	at spark.staticfiles.StaticFilesConfiguration.configureJarCase(StaticFilesConfiguration.java:180)
	at spark.staticfiles.StaticFilesConfiguration.configure(StaticFilesConfiguration.java:156)
	at spark.Service.staticFileLocation(Service.java:208)
	at spark.Spark.staticFileLocation(Spark.java:977)
	at Main.main(Main.java:8)
19/09/2017 ERROR [main] (spark.staticfiles.StaticFilesConfiguration:172) - Error when creating StaticResourceHandler
java.io.FileNotFoundException: class path resource [resources/public] cannot be resolved to URL because it does not exist
	at spark.resource.ClassPathResource.getURL(ClassPathResource.java:166)
	at spark.staticfiles.StaticFilesConfiguration.configureJarCase(StaticFilesConfiguration.java:180)
	at spark.staticfiles.StaticFilesConfiguration.configure(StaticFilesConfiguration.java:156)
	at spark.Service.staticFileLocation(Service.java:208)
	at spark.Spark.staticFileLocation(Spark.java:977)
	at Main.main(Main.java:8)
19/09/2017 INFO  [main] (spark.staticfiles.StaticFilesConfiguration:170) - StaticResourceHandler configured with folder = /public
19/09/2017 INFO  [main] (spark.staticfiles.StaticFilesConfiguration:170) - StaticResourceHandler configured with folder = public
19/09/2017 INFO  [main] (spark.staticfiles.StaticFilesConfiguration:170) - StaticResourceHandler configured with folder = /public
19/09/2017 INFO  [main] (spark.staticfiles.StaticFilesConfiguration:170) - StaticResourceHandler configured with folder = /public
19/09/2017 INFO  [Thread-0] (org.eclipse.jetty.util.log.Log:186) - Logging initialized @500ms
19/09/2017 INFO  [Thread-0] (spark.embeddedserver.jetty.EmbeddedJettyServer:125) - == Spark has ignited ...
19/09/2017 INFO  [Thread-0] (spark.embeddedserver.jetty.EmbeddedJettyServer:126) - >> Listening on 0.0.0.0:4567
19/09/2017 INFO  [Thread-0] (org.eclipse.jetty.server.Server:345) - jetty-9.3.6.v20151106
19/09/2017 ERROR [Thread-0] (spark.embeddedserver.jetty.EmbeddedJettyServer:132) - ignite failed
java.net.BindException: Endereço já em uso
	at sun.nio.ch.Net.bind0(Native Method)
	at sun.nio.ch.Net.bind(Net.java:433)
	at sun.nio.ch.Net.bind(Net.java:425)
	at sun.nio.ch.ServerSocketChannelImpl.bind(ServerSocketChannelImpl.java:223)
	at sun.nio.ch.ServerSocketAdaptor.bind(ServerSocketAdaptor.java:74)
	at org.eclipse.jetty.server.ServerConnector.open(ServerConnector.java:326)
	at org.eclipse.jetty.server.AbstractNetworkConnector.doStart(AbstractNetworkConnector.java:80)
	at org.eclipse.jetty.server.ServerConnector.doStart(ServerConnector.java:244)
	at org.eclipse.jetty.util.component.AbstractLifeCycle.start(AbstractLifeCycle.java:68)
	at org.eclipse.jetty.server.Server.doStart(Server.java:384)
	at org.eclipse.jetty.util.component.AbstractLifeCycle.start(AbstractLifeCycle.java:68)
	at spark.embeddedserver.jetty.EmbeddedJettyServer.ignite(EmbeddedJettyServer.java:128)
	at spark.Service.lambda$init$0(Service.java:349)
	at java.lang.Thread.run(Thread.java:748)
